2026-05-04 09:10:50 ERROR [main] com.polytalk.client.ClientApp - 클라이언트 실행 중 오류 발생
java.util.NoSuchElementException: No line found
	at java.base/java.util.Scanner.nextLine(Scanner.java:1660)
	at com.polytalk.client.ui.ConsoleUI.input(ConsoleUI.java:11)
	at com.polytalk.client.ui.RoomConsoleUI.printRoomMenu(RoomConsoleUI.java:24)
	at com.polytalk.client.controller.RoomFlowController.run(RoomFlowController.java:32)
	at com.polytalk.client.ClientApp.start(ClientApp.java:80)
	at com.polytalk.client.ClientB.main(ClientB.java:5)
2026-05-04 09:10:50 ERROR [main] com.polytalk.client.ClientApp - 클라이언트 실행 중 오류 발생
java.util.NoSuchElementException: No line found
	at java.base/java.util.Scanner.nextLine(Scanner.java:1660)
	at com.polytalk.client.ui.ConsoleUI.input(ConsoleUI.java:11)
	at com.polytalk.client.ui.AuthConsoleUI.printMainMenu(AuthConsoleUI.java:19)
	at com.polytalk.client.controller.AuthFlowController.run(AuthFlowController.java:26)
	at com.polytalk.client.ClientApp.start(ClientApp.java:74)
	at com.polytalk.client.ClientB.main(ClientB.java:5)
2026-05-04 09:10:50 ERROR [main] com.polytalk.client.ClientApp - 클라이언트 실행 중 오류 발생
java.util.NoSuchElementException: No line found
	at java.base/java.util.Scanner.nextLine(Scanner.java:1660)
	at com.polytalk.client.ui.ConsoleUI.input(ConsoleUI.java:11)
	at com.polytalk.client.ui.AuthConsoleUI.printMainMenu(AuthConsoleUI.java:19)
	at com.polytalk.client.controller.AuthFlowController.run(AuthFlowController.java:26)
	at com.polytalk.client.ClientApp.start(ClientApp.java:74)
	at com.polytalk.client.ClientB.main(ClientB.java:5)
2026-05-04 09:10:50 ERROR [main] com.polytalk.client.ClientApp - 클라이언트 실행 중 오류 발생
java.util.NoSuchElementException: No line found
	at java.base/java.util.Scanner.nextLine(Scanner.java:1660)
	at com.polytalk.client.ui.ConsoleUI.input(ConsoleUI.java:11)
	at com.polytalk.client.ui.AuthConsoleUI.printMainMenu(AuthConsoleUI.java:19)
	at com.polytalk.client.controller.AuthFlowController.run(AuthFlowController.java:26)
	at com.polytalk.client.ClientApp.start(ClientApp.java:74)
	at com.polytalk.client.ClientB.main(ClientB.java:5)
2026-05-04 09:10:50 ERROR [main] com.polytalk.client.ClientApp - 클라이언트 실행 중 오류 발생
java.util.NoSuchElementException: No line found
	at java.base/java.util.Scanner.nextLine(Scanner.java:1660)
	at com.polytalk.client.ui.ConsoleUI.input(ConsoleUI.java:11)
	at com.polytalk.client.ui.AuthConsoleUI.printMainMenu(AuthConsoleUI.java:19)
	at com.polytalk.client.controller.AuthFlowController.run(AuthFlowController.java:26)
	at com.polytalk.client.ClientApp.start(ClientApp.java:74)
	at com.polytalk.client.ClientB.main(ClientB.java:5)
2026-05-04 09:10:50 ERROR [main] com.polytalk.client.ClientApp - 클라이언트 실행 중 오류 발생
java.util.NoSuchElementException: No line found
	at java.base/java.util.Scanner.nextLine(Scanner.java:1660)
	at com.polytalk.client.ui.ConsoleUI.input(ConsoleUI.java:11)
	at com.polytalk.client.ui.AuthConsoleUI.printMainMenu(AuthConsoleUI.java:19)
	at com.polytalk.client.controller.AuthFlowController.run(AuthFlowController.java:26)
	at com.polytalk.client.ClientApp.start(ClientApp.java:74)
	at com.polytalk.client.ClientB.main(ClientB.java:5)
2026-05-04 09:10:51 ERROR [main] com.polytalk.client.ClientApp - 클라이언트 실행 중 오류 발생
java.util.NoSuchElementException: No line found
	at java.base/java.util.Scanner.nextLine(Scanner.java:1660)
	at com.polytalk.client.ui.ConsoleUI.input(ConsoleUI.java:11)
	at com.polytalk.client.ui.RoomConsoleUI.printRoomMenu(RoomConsoleUI.java:24)
	at com.polytalk.client.controller.RoomFlowController.run(RoomFlowController.java:32)
	at com.polytalk.client.ClientApp.start(ClientApp.java:80)
	at com.polytalk.client.ClientA.main(ClientA.java:5)
2026-05-04 09:10:51 ERROR [main] com.polytalk.client.ClientApp - 클라이언트 실행 중 오류 발생
java.util.NoSuchElementException: No line found
	at java.base/java.util.Scanner.nextLine(Scanner.java:1660)
	at com.polytalk.client.ui.ConsoleUI.input(ConsoleUI.java:11)
	at com.polytalk.client.ui.AuthConsoleUI.printMainMenu(AuthConsoleUI.java:19)
	at com.polytalk.client.controller.AuthFlowController.run(AuthFlowController.java:26)
	at com.polytalk.client.ClientApp.start(ClientApp.java:74)
	at com.polytalk.client.ClientA.main(ClientA.java:5)
2026-05-04 09:10:51 ERROR [main] com.polytalk.client.ClientApp - 클라이언트 실행 중 오류 발생
java.util.NoSuchElementException: No line found
	at java.base/java.util.Scanner.nextLine(Scanner.java:1660)
	at com.polytalk.client.ui.ConsoleUI.input(ConsoleUI.java:11)
	at com.polytalk.client.ui.AuthConsoleUI.printMainMenu(AuthConsoleUI.java:19)
	at com.polytalk.client.controller.AuthFlowController.run(AuthFlowController.java:26)
	at com.polytalk.client.ClientApp.start(ClientApp.java:74)
	at com.polytalk.client.ClientA.main(ClientA.java:5)
2026-05-04 09:10:51 ERROR [main] com.polytalk.client.ClientApp - 클라이언트 실행 중 오류 발생
java.util.NoSuchElementException: No line found
	at java.base/java.util.Scanner.nextLine(Scanner.java:1660)
	at com.polytalk.client.ui.ConsoleUI.input(ConsoleUI.java:11)
	at com.polytalk.client.ui.AuthConsoleUI.printMainMenu(AuthConsoleUI.java:19)
	at com.polytalk.client.controller.AuthFlowController.run(AuthFlowController.java:26)
	at com.polytalk.client.ClientApp.start(ClientApp.java:74)
	at com.polytalk.client.ClientA.main(ClientA.java:5)
2026-05-04 09:10:51 ERROR [main] com.polytalk.client.ClientApp - 클라이언트 실행 중 오류 발생
java.util.NoSuchElementException: No line found
	at java.base/java.util.Scanner.nextLine(Scanner.java:1660)
	at com.polytalk.client.ui.ConsoleUI.input(ConsoleUI.java:11)
	at com.polytalk.client.ui.AuthConsoleUI.printMainMenu(AuthConsoleUI.java:19)
	at com.polytalk.client.controller.AuthFlowController.run(AuthFlowController.java:26)
	at com.polytalk.client.ClientApp.start(ClientApp.java:74)
	at com.polytalk.client.ClientA.main(ClientA.java:5)
2026-05-04 09:10:51 ERROR [main] com.polytalk.client.ClientApp - 클라이언트 실행 중 오류 발생
java.util.NoSuchElementException: No line found
	at java.base/java.util.Scanner.nextLine(Scanner.java:1660)
	at com.polytalk.client.ui.ConsoleUI.input(ConsoleUI.java:11)
	at com.polytalk.client.ui.AuthConsoleUI.printMainMenu(AuthConsoleUI.java:19)
	at com.polytalk.client.controller.AuthFlowController.run(AuthFlowController.java:26)
	at com.polytalk.client.ClientApp.start(ClientApp.java:74)
	at com.polytalk.client.ClientA.main(ClientA.java:5)
2026-05-04 09:10:51 ERROR [main] com.polytalk.client.ClientApp - 클라이언트 실행 중 오류 발생
java.util.NoSuchElementException: No line found
	at java.base/java.util.Scanner.nextLine(Scanner.java:1660)
	at com.polytalk.client.ui.ConsoleUI.input(ConsoleUI.java:11)
	at com.polytalk.client.ui.AuthConsoleUI.printMainMenu(AuthConsoleUI.java:19)
	at com.polytalk.client.controller.AuthFlowController.run(AuthFlowController.java:26)
	at com.polytalk.client.ClientApp.start(ClientApp.java:74)
	at com.polytalk.client.ClientA.main(ClientA.java:5)
2026-05-05 00:49:53 ERROR [main] com.polytalk.client.ClientApp - 클라이언트 실행 중 오류 발생
java.util.NoSuchElementException: No line found
	at java.base/java.util.Scanner.nextLine(Scanner.java:1660)
	at com.polytalk.client.ui.ConsoleUI.input(ConsoleUI.java:11)
	at com.polytalk.client.ui.RoomConsoleUI.printRoomMenu(RoomConsoleUI.java:24)
	at com.polytalk.client.controller.RoomFlowController.run(RoomFlowController.java:27)
	at com.polytalk.client.ClientApp.start(ClientApp.java:44)
	at com.polytalk.client.ClientA.main(ClientA.java:5)
2026-05-05 00:49:53 ERROR [main] com.polytalk.client.ClientApp - 클라이언트 실행 중 오류 발생
java.net.ConnectException: Connection refused: connect
	at java.base/sun.nio.ch.Net.connect0(Native Method)
	at java.base/sun.nio.ch.Net.connect(Net.java:601)
	at java.base/sun.nio.ch.Net.connect(Net.java:590)
	at java.base/sun.nio.ch.NioSocketImpl.connect(NioSocketImpl.java:583)
	at java.base/java.net.SocksSocketImpl.connect(SocksSocketImpl.java:327)
	at java.base/java.net.Socket.connect(Socket.java:751)
	at java.base/java.net.Socket.connect(Socket.java:686)
	at java.base/java.net.Socket.<init>(Socket.java:555)
	at java.base/java.net.Socket.<init>(Socket.java:324)
	at com.polytalk.client.network.SocketClient.<init>(SocketClient.java:14)
	at com.polytalk.client.ClientApp.start(ClientApp.java:27)
	at com.polytalk.client.ClientA.main(ClientA.java:5)
2026-05-05 00:49:53 ERROR [main] com.polytalk.client.ClientApp - 클라이언트 실행 중 오류 발생
java.net.ConnectException: Connection refused: connect
	at java.base/sun.nio.ch.Net.connect0(Native Method)
	at java.base/sun.nio.ch.Net.connect(Net.java:601)
	at java.base/sun.nio.ch.Net.connect(Net.java:590)
	at java.base/sun.nio.ch.NioSocketImpl.connect(NioSocketImpl.java:583)
	at java.base/java.net.SocksSocketImpl.connect(SocksSocketImpl.java:327)
	at java.base/java.net.Socket.connect(Socket.java:751)
	at java.base/java.net.Socket.connect(Socket.java:686)
	at java.base/java.net.Socket.<init>(Socket.java:555)
	at java.base/java.net.Socket.<init>(Socket.java:324)
	at com.polytalk.client.network.SocketClient.<init>(SocketClient.java:14)
	at com.polytalk.client.ClientApp.start(ClientApp.java:27)
	at com.polytalk.client.ClientA.main(ClientA.java:5)
2026-05-05 00:49:53 ERROR [main] com.polytalk.client.ClientApp - 클라이언트 실행 중 오류 발생
java.net.ConnectException: Connection refused: connect
	at java.base/sun.nio.ch.Net.connect0(Native Method)
	at java.base/sun.nio.ch.Net.connect(Net.java:601)
	at java.base/sun.nio.ch.Net.connect(Net.java:590)
	at java.base/sun.nio.ch.NioSocketImpl.connect(NioSocketImpl.java:583)
	at java.base/java.net.SocksSocketImpl.connect(SocksSocketImpl.java:327)
	at java.base/java.net.Socket.connect(Socket.java:751)
	at java.base/java.net.Socket.connect(Socket.java:686)
	at java.base/java.net.Socket.<init>(Socket.java:555)
	at java.base/java.net.Socket.<init>(Socket.java:324)
	at com.polytalk.client.network.SocketClient.<init>(SocketClient.java:14)
	at com.polytalk.client.ClientApp.start(ClientApp.java:27)
	at com.polytalk.client.ClientA.main(ClientA.java:5)
2026-05-05 00:49:53 ERROR [main] com.polytalk.client.ClientApp - 클라이언트 실행 중 오류 발생
java.net.ConnectException: Connection refused: connect
	at java.base/sun.nio.ch.Net.connect0(Native Method)
	at java.base/sun.nio.ch.Net.connect(Net.java:601)
	at java.base/sun.nio.ch.Net.connect(Net.java:590)
	at java.base/sun.nio.ch.NioSocketImpl.connect(NioSocketImpl.java:583)
	at java.base/java.net.SocksSocketImpl.connect(SocksSocketImpl.java:327)
	at java.base/java.net.Socket.connect(Socket.java:751)
	at java.base/java.net.Socket.connect(Socket.java:686)
	at java.base/java.net.Socket.<init>(Socket.java:555)
	at java.base/java.net.Socket.<init>(Socket.java:324)
	at com.polytalk.client.network.SocketClient.<init>(SocketClient.java:14)
	at com.polytalk.client.ClientApp.start(ClientApp.java:27)
	at com.polytalk.client.ClientA.main(ClientA.java:5)
2026-05-05 00:49:53 ERROR [main] com.polytalk.client.ClientApp - 클라이언트 실행 중 오류 발생
java.net.ConnectException: Connection refused: connect
	at java.base/sun.nio.ch.Net.connect0(Native Method)
	at java.base/sun.nio.ch.Net.connect(Net.java:601)
	at java.base/sun.nio.ch.Net.connect(Net.java:590)
	at java.base/sun.nio.ch.NioSocketImpl.connect(NioSocketImpl.java:583)
	at java.base/java.net.SocksSocketImpl.connect(SocksSocketImpl.java:327)
	at java.base/java.net.Socket.connect(Socket.java:751)
	at java.base/java.net.Socket.connect(Socket.java:686)
	at java.base/java.net.Socket.<init>(Socket.java:555)
	at java.base/java.net.Socket.<init>(Socket.java:324)
	at com.polytalk.client.network.SocketClient.<init>(SocketClient.java:14)
	at com.polytalk.client.ClientApp.start(ClientApp.java:27)
	at com.polytalk.client.ClientA.main(ClientA.java:5)
2026-05-05 00:49:53 ERROR [main] com.polytalk.client.ClientApp - 클라이언트 실행 중 오류 발생
java.net.ConnectException: Connection refused: connect
	at java.base/sun.nio.ch.Net.connect0(Native Method)
	at java.base/sun.nio.ch.Net.connect(Net.java:601)
	at java.base/sun.nio.ch.Net.connect(Net.java:590)
	at java.base/sun.nio.ch.NioSocketImpl.connect(NioSocketImpl.java:583)
	at java.base/java.net.SocksSocketImpl.connect(SocksSocketImpl.java:327)
	at java.base/java.net.Socket.connect(Socket.java:751)
	at java.base/java.net.Socket.connect(Socket.java:686)
	at java.base/java.net.Socket.<init>(Socket.java:555)
	at java.base/java.net.Socket.<init>(Socket.java:324)
	at com.polytalk.client.network.SocketClient.<init>(SocketClient.java:14)
	at com.polytalk.client.ClientApp.start(ClientApp.java:27)
	at com.polytalk.client.ClientA.main(ClientA.java:5)
2026-05-05 00:49:53 ERROR [main] com.polytalk.client.ClientApp - 클라이언트 실행 중 오류 발생
java.net.ConnectException: Connection refused: connect
	at java.base/sun.nio.ch.Net.connect0(Native Method)
	at java.base/sun.nio.ch.Net.connect(Net.java:601)
	at java.base/sun.nio.ch.Net.connect(Net.java:590)
	at java.base/sun.nio.ch.NioSocketImpl.connect(NioSocketImpl.java:583)
	at java.base/java.net.SocksSocketImpl.connect(SocksSocketImpl.java:327)
	at java.base/java.net.Socket.connect(Socket.java:751)
	at java.base/java.net.Socket.connect(Socket.java:686)
	at java.base/java.net.Socket.<init>(Socket.java:555)
	at java.base/java.net.Socket.<init>(Socket.java:324)
	at com.polytalk.client.network.SocketClient.<init>(SocketClient.java:14)
	at com.polytalk.client.ClientApp.start(ClientApp.java:27)
	at com.polytalk.client.ClientA.main(ClientA.java:5)
2026-05-05 00:49:53 ERROR [main] com.polytalk.client.ClientApp - 클라이언트 실행 중 오류 발생
java.net.ConnectException: Connection refused: connect
	at java.base/sun.nio.ch.Net.connect0(Native Method)
	at java.base/sun.nio.ch.Net.connect(Net.java:601)
	at java.base/sun.nio.ch.Net.connect(Net.java:590)
	at java.base/sun.nio.ch.NioSocketImpl.connect(NioSocketImpl.java:583)
	at java.base/java.net.SocksSocketImpl.connect(SocksSocketImpl.java:327)
	at java.base/java.net.Socket.connect(Socket.java:751)
	at java.base/java.net.Socket.connect(Socket.java:686)
	at java.base/java.net.Socket.<init>(Socket.java:555)
	at java.base/java.net.Socket.<init>(Socket.java:324)
	at com.polytalk.client.network.SocketClient.<init>(SocketClient.java:14)
	at com.polytalk.client.ClientApp.start(ClientApp.java:27)
	at com.polytalk.client.ClientA.main(ClientA.java:5)
2026-05-05 00:49:53 ERROR [main] com.polytalk.client.ClientApp - 클라이언트 실행 중 오류 발생
java.net.ConnectException: Connection refused: connect
	at java.base/sun.nio.ch.Net.connect0(Native Method)
	at java.base/sun.nio.ch.Net.connect(Net.java:601)
	at java.base/sun.nio.ch.Net.connect(Net.java:590)
	at java.base/sun.nio.ch.NioSocketImpl.connect(NioSocketImpl.java:583)
	at java.base/java.net.SocksSocketImpl.connect(SocksSocketImpl.java:327)
	at java.base/java.net.Socket.connect(Socket.java:751)
	at java.base/java.net.Socket.connect(Socket.java:686)
	at java.base/java.net.Socket.<init>(Socket.java:555)
	at java.base/java.net.Socket.<init>(Socket.java:324)
	at com.polytalk.client.network.SocketClient.<init>(SocketClient.java:14)
	at com.polytalk.client.ClientApp.start(ClientApp.java:27)
	at com.polytalk.client.ClientA.main(ClientA.java:5)
2026-05-05 00:49:53 ERROR [main] com.polytalk.client.ClientApp - 클라이언트 실행 중 오류 발생
java.net.ConnectException: Connection refused: connect
	at java.base/sun.nio.ch.Net.connect0(Native Method)
	at java.base/sun.nio.ch.Net.connect(Net.java:601)
	at java.base/sun.nio.ch.Net.connect(Net.java:590)
	at java.base/sun.nio.ch.NioSocketImpl.connect(NioSocketImpl.java:583)
	at java.base/java.net.SocksSocketImpl.connect(SocksSocketImpl.java:327)
	at java.base/java.net.Socket.connect(Socket.java:751)
	at java.base/java.net.Socket.connect(Socket.java:686)
	at java.base/java.net.Socket.<init>(Socket.java:555)
	at java.base/java.net.Socket.<init>(Socket.java:324)
	at com.polytalk.client.network.SocketClient.<init>(SocketClient.java:14)
	at com.polytalk.client.ClientApp.start(ClientApp.java:27)
	at com.polytalk.client.ClientA.main(ClientA.java:5)
2026-05-05 00:49:53 ERROR [main] com.polytalk.client.ClientApp - 클라이언트 실행 중 오류 발생
java.net.ConnectException: Connection refused: connect
	at java.base/sun.nio.ch.Net.connect0(Native Method)
	at java.base/sun.nio.ch.Net.connect(Net.java:601)
	at java.base/sun.nio.ch.Net.connect(Net.java:590)
	at java.base/sun.nio.ch.NioSocketImpl.connect(NioSocketImpl.java:583)
	at java.base/java.net.SocksSocketImpl.connect(SocksSocketImpl.java:327)
	at java.base/java.net.Socket.connect(Socket.java:751)
	at java.base/java.net.Socket.connect(Socket.java:686)
	at java.base/java.net.Socket.<init>(Socket.java:555)
	at java.base/java.net.Socket.<init>(Socket.java:324)
	at com.polytalk.client.network.SocketClient.<init>(SocketClient.java:14)
	at com.polytalk.client.ClientApp.start(ClientApp.java:27)
	at com.polytalk.client.ClientA.main(ClientA.java:5)
2026-05-05 00:49:53 ERROR [main] com.polytalk.client.ClientApp - 클라이언트 실행 중 오류 발생
java.net.ConnectException: Connection refused: connect
	at java.base/sun.nio.ch.Net.connect0(Native Method)
	at java.base/sun.nio.ch.Net.connect(Net.java:601)
	at java.base/sun.nio.ch.Net.connect(Net.java:590)
	at java.base/sun.nio.ch.NioSocketImpl.connect(NioSocketImpl.java:583)
	at java.base/java.net.SocksSocketImpl.connect(SocksSocketImpl.java:327)
	at java.base/java.net.Socket.connect(Socket.java:751)
	at java.base/java.net.Socket.connect(Socket.java:686)
	at java.base/java.net.Socket.<init>(Socket.java:555)
	at java.base/java.net.Socket.<init>(Socket.java:324)
	at com.polytalk.client.network.SocketClient.<init>(SocketClient.java:14)
	at com.polytalk.client.ClientApp.start(ClientApp.java:27)
	at com.polytalk.client.ClientA.main(ClientA.java:5)
2026-05-05 00:49:53 ERROR [main] com.polytalk.client.ClientApp - 클라이언트 실행 중 오류 발생
java.net.ConnectException: Connection refused: connect
	at java.base/sun.nio.ch.Net.connect0(Native Method)
	at java.base/sun.nio.ch.Net.connect(Net.java:601)
	at java.base/sun.nio.ch.Net.connect(Net.java:590)
	at java.base/sun.nio.ch.NioSocketImpl.connect(NioSocketImpl.java:583)
	at java.base/java.net.SocksSocketImpl.connect(SocksSocketImpl.java:327)
	at java.base/java.net.Socket.connect(Socket.java:751)
	at java.base/java.net.Socket.connect(Socket.java:686)
	at java.base/java.net.Socket.<init>(Socket.java:555)
	at java.base/java.net.Socket.<init>(Socket.java:324)
	at com.polytalk.client.network.SocketClient.<init>(SocketClient.java:14)
	at com.polytalk.client.ClientApp.start(ClientApp.java:27)
	at com.polytalk.client.ClientA.main(ClientA.java:5)
2026-05-05 00:49:53 ERROR [main] com.polytalk.client.ClientApp - 클라이언트 실행 중 오류 발생
java.net.ConnectException: Connection refused: connect
	at java.base/sun.nio.ch.Net.connect0(Native Method)
	at java.base/sun.nio.ch.Net.connect(Net.java:601)
	at java.base/sun.nio.ch.Net.connect(Net.java:590)
	at java.base/sun.nio.ch.NioSocketImpl.connect(NioSocketImpl.java:583)
	at java.base/java.net.SocksSocketImpl.connect(SocksSocketImpl.java:327)
	at java.base/java.net.Socket.connect(Socket.java:751)
	at java.base/java.net.Socket.connect(Socket.java:686)
	at java.base/java.net.Socket.<init>(Socket.java:555)
	at java.base/java.net.Socket.<init>(Socket.java:324)
	at com.polytalk.client.network.SocketClient.<init>(SocketClient.java:14)
	at com.polytalk.client.ClientApp.start(ClientApp.java:27)
	at com.polytalk.client.ClientA.main(ClientA.java:5)
2026-05-05 00:49:53 ERROR [main] com.polytalk.client.ClientApp - 클라이언트 실행 중 오류 발생
java.net.ConnectException: Connection refused: connect
	at java.base/sun.nio.ch.Net.connect0(Native Method)
	at java.base/sun.nio.ch.Net.connect(Net.java:601)
	at java.base/sun.nio.ch.Net.connect(Net.java:590)
	at java.base/sun.nio.ch.NioSocketImpl.connect(NioSocketImpl.java:583)
	at java.base/java.net.SocksSocketImpl.connect(SocksSocketImpl.java:327)
	at java.base/java.net.Socket.connect(Socket.java:751)
	at java.base/java.net.Socket.connect(Socket.java:686)
	at java.base/java.net.Socket.<init>(Socket.java:555)
	at java.base/java.net.Socket.<init>(Socket.java:324)
	at com.polytalk.client.network.SocketClient.<init>(SocketClient.java:14)
	at com.polytalk.client.ClientApp.start(ClientApp.java:27)
	at com.polytalk.client.ClientA.main(ClientA.java:5)
2026-05-05 00:49:53 ERROR [main] com.polytalk.client.ClientApp - 클라이언트 실행 중 오류 발생
java.net.ConnectException: Connection refused: connect
	at java.base/sun.nio.ch.Net.connect0(Native Method)
	at java.base/sun.nio.ch.Net.connect(Net.java:601)
	at java.base/sun.nio.ch.Net.connect(Net.java:590)
	at java.base/sun.nio.ch.NioSocketImpl.connect(NioSocketImpl.java:583)
	at java.base/java.net.SocksSocketImpl.connect(SocksSocketImpl.java:327)
	at java.base/java.net.Socket.connect(Socket.java:751)
	at java.base/java.net.Socket.connect(Socket.java:686)
	at java.base/java.net.Socket.<init>(Socket.java:555)
	at java.base/java.net.Socket.<init>(Socket.java:324)
	at com.polytalk.client.network.SocketClient.<init>(SocketClient.java:14)
	at com.polytalk.client.ClientApp.start(ClientApp.java:27)
	at com.polytalk.client.ClientA.main(ClientA.java:5)
2026-05-05 00:49:53 ERROR [main] com.polytalk.client.ClientApp - 클라이언트 실행 중 오류 발생
java.net.ConnectException: Connection refused: connect
	at java.base/sun.nio.ch.Net.connect0(Native Method)
	at java.base/sun.nio.ch.Net.connect(Net.java:601)
	at java.base/sun.nio.ch.Net.connect(Net.java:590)
	at java.base/sun.nio.ch.NioSocketImpl.connect(NioSocketImpl.java:583)
	at java.base/java.net.SocksSocketImpl.connect(SocksSocketImpl.java:327)
	at java.base/java.net.Socket.connect(Socket.java:751)
	at java.base/java.net.Socket.connect(Socket.java:686)
	at java.base/java.net.Socket.<init>(Socket.java:555)
	at java.base/java.net.Socket.<init>(Socket.java:324)
	at com.polytalk.client.network.SocketClient.<init>(SocketClient.java:14)
	at com.polytalk.client.ClientApp.start(ClientApp.java:27)
	at com.polytalk.client.ClientA.main(ClientA.java:5)
2026-05-05 00:49:53 ERROR [main] com.polytalk.client.ClientApp - 클라이언트 실행 중 오류 발생
java.net.ConnectException: Connection refused: connect
	at java.base/sun.nio.ch.Net.connect0(Native Method)
	at java.base/sun.nio.ch.Net.connect(Net.java:601)
	at java.base/sun.nio.ch.Net.connect(Net.java:590)
	at java.base/sun.nio.ch.NioSocketImpl.connect(NioSocketImpl.java:583)
	at java.base/java.net.SocksSocketImpl.connect(SocksSocketImpl.java:327)
	at java.base/java.net.Socket.connect(Socket.java:751)
	at java.base/java.net.Socket.connect(Socket.java:686)
	at java.base/java.net.Socket.<init>(Socket.java:555)
	at java.base/java.net.Socket.<init>(Socket.java:324)
	at com.polytalk.client.network.SocketClient.<init>(SocketClient.java:14)
	at com.polytalk.client.ClientApp.start(ClientApp.java:27)
	at com.polytalk.client.ClientA.main(ClientA.java:5)
2026-05-05 00:49:53 ERROR [main] com.polytalk.client.ClientApp - 클라이언트 실행 중 오류 발생
java.net.ConnectException: Connection refused: connect
	at java.base/sun.nio.ch.Net.connect0(Native Method)
	at java.base/sun.nio.ch.Net.connect(Net.java:601)
	at java.base/sun.nio.ch.Net.connect(Net.java:590)
	at java.base/sun.nio.ch.NioSocketImpl.connect(NioSocketImpl.java:583)
	at java.base/java.net.SocksSocketImpl.connect(SocksSocketImpl.java:327)
	at java.base/java.net.Socket.connect(Socket.java:751)
	at java.base/java.net.Socket.connect(Socket.java:686)
	at java.base/java.net.Socket.<init>(Socket.java:555)
	at java.base/java.net.Socket.<init>(Socket.java:324)
	at com.polytalk.client.network.SocketClient.<init>(SocketClient.java:14)
	at com.polytalk.client.ClientApp.start(ClientApp.java:27)
	at com.polytalk.client.ClientA.main(ClientA.java:5)
